FULL SYSTEM TEST
---------------
Populating A and B...
Calculating reference values of C...
Total time: 98718
Total Compute: 1801
Ops: 8192
Ops Rate: 0.000083
Compute Ops Rate: 0.004549
Calculation finished. Testing values...
row: 0, col: 0 | got: bce5, expected bce5 [OK]
row: 0, col: 1 | got: 2160, expected 2160 [OK]
row: 0, col: 2 | got: b2ec, expected b2ec [OK]
row: 0, col: 3 | got: bc25, expected bc25 [OK]
row: 0, col: 4 | got: 32cb, expected 32cb [OK]
row: 0, col: 5 | got: e794, expected e794 [OK]
row: 0, col: 6 | got: b7e1, expected b7e1 [OK]
row: 0, col: 7 | got: e864, expected e864 [OK]
row: 0, col: 8 | got: 68fa, expected 68fa [OK]
row: 0, col: 9 | got: db68, expected db68 [OK]
row: 0, col: 10 | got: 7a46, expected 7a46 [OK]
row: 0, col: 11 | got: e3b5, expected e3b5 [OK]
row: 0, col: 12 | got: 1bcc, expected 1bcc [OK]
row: 0, col: 13 | got: 2d79, expected 2d79 [OK]
row: 0, col: 14 | got: 1739, expected 1739 [OK]
row: 0, col: 15 | got: bb23, expected bb23 [OK]
row: 1, col: 0 | got: b82b, expected b82b [OK]
row: 1, col: 1 | got: a4d, expected a4d [OK]
row: 1, col: 2 | got: ef0e, expected ef0e [OK]
row: 1, col: 3 | got: fb44, expected fb44 [OK]
row: 1, col: 4 | got: b1ca, expected b1ca [OK]
row: 1, col: 5 | got: 3965, expected 3965 [OK]
row: 1, col: 6 | got: 9589, expected 9589 [OK]
row: 1, col: 7 | got: c10f, expected c10f [OK]
row: 1, col: 8 | got: 8eb1, expected 8eb1 [OK]
row: 1, col: 9 | got: 85b3, expected 85b3 [OK]
row: 1, col: 10 | got: a071, expected a071 [OK]
row: 1, col: 11 | got: b853, expected b853 [OK]
row: 1, col: 12 | got: febd, expected febd [OK]
row: 1, col: 13 | got: df47, expected df47 [OK]
row: 1, col: 14 | got: bbc5, expected bbc5 [OK]
row: 1, col: 15 | got: 1436, expected 1436 [OK]
row: 2, col: 0 | got: 5121, expected 5121 [OK]
row: 2, col: 1 | got: 5fd, expected 5fd [OK]
row: 2, col: 2 | got: 93c6, expected 93c6 [OK]
row: 2, col: 3 | got: f1ac, expected f1ac [OK]
row: 2, col: 4 | got: 3ded, expected 3ded [OK]
row: 2, col: 5 | got: f98c, expected f98c [OK]
row: 2, col: 6 | got: 57b1, expected 57b1 [OK]
row: 2, col: 7 | got: e34e, expected e34e [OK]
row: 2, col: 8 | got: a9f9, expected a9f9 [OK]
row: 2, col: 9 | got: 36d5, expected 36d5 [OK]
row: 2, col: 10 | got: c957, expected c957 [OK]
row: 2, col: 11 | got: 926e, expected 926e [OK]
row: 2, col: 12 | got: 3b56, expected 3b56 [OK]
row: 2, col: 13 | got: 6827, expected 6827 [OK]
row: 2, col: 14 | got: c3fe, expected c3fe [OK]
row: 2, col: 15 | got: 5707, expected 5707 [OK]
row: 3, col: 0 | got: 303b, expected 303b [OK]
row: 3, col: 1 | got: 1e80, expected 1e80 [OK]
row: 3, col: 2 | got: b502, expected b502 [OK]
row: 3, col: 3 | got: 5cec, expected 5cec [OK]
row: 3, col: 4 | got: 5a5, expected 5a5 [OK]
row: 3, col: 5 | got: 423d, expected 423d [OK]
row: 3, col: 6 | got: ef64, expected ef64 [OK]
row: 3, col: 7 | got: 4c7e, expected 4c7e [OK]
row: 3, col: 8 | got: 3738, expected 3738 [OK]
row: 3, col: 9 | got: d9e7, expected d9e7 [OK]
row: 3, col: 10 | got: 1e2, expected 1e2 [OK]
row: 3, col: 11 | got: 6745, expected 6745 [OK]
row: 3, col: 12 | got: f46a, expected f46a [OK]
row: 3, col: 13 | got: 1fad, expected 1fad [OK]
row: 3, col: 14 | got: c5d3, expected c5d3 [OK]
row: 3, col: 15 | got: cdcd, expected cdcd [OK]
row: 4, col: 0 | got: dd3c, expected dd3c [OK]
row: 4, col: 1 | got: 5c47, expected 5c47 [OK]
row: 4, col: 2 | got: 74bf, expected 74bf [OK]
row: 4, col: 3 | got: c6e5, expected c6e5 [OK]
row: 4, col: 4 | got: a43d, expected a43d [OK]
row: 4, col: 5 | got: d486, expected d486 [OK]
row: 4, col: 6 | got: 6bab, expected 6bab [OK]
row: 4, col: 7 | got: 142b, expected 142b [OK]
row: 4, col: 8 | got: a3cd, expected a3cd [OK]
row: 4, col: 9 | got: fe5a, expected fe5a [OK]
row: 4, col: 10 | got: e63c, expected e63c [OK]
row: 4, col: 11 | got: 2a15, expected 2a15 [OK]
row: 4, col: 12 | got: 4be6, expected 4be6 [OK]
row: 4, col: 13 | got: 472f, expected 472f [OK]
row: 4, col: 14 | got: 4eb1, expected 4eb1 [OK]
row: 4, col: 15 | got: 37c5, expected 37c5 [OK]
row: 5, col: 0 | got: 1310, expected 1310 [OK]
row: 5, col: 1 | got: 4710, expected 4710 [OK]
row: 5, col: 2 | got: 8a44, expected 8a44 [OK]
row: 5, col: 3 | got: edb5, expected edb5 [OK]
row: 5, col: 4 | got: 369c, expected 369c [OK]
row: 5, col: 5 | got: c935, expected c935 [OK]
row: 5, col: 6 | got: 19d9, expected 19d9 [OK]
row: 5, col: 7 | got: 9025, expected 9025 [OK]
row: 5, col: 8 | got: 7f90, expected 7f90 [OK]
row: 5, col: 9 | got: 63b5, expected 63b5 [OK]
row: 5, col: 10 | got: 6c62, expected 6c62 [OK]
row: 5, col: 11 | got: d18a, expected d18a [OK]
row: 5, col: 12 | got: d729, expected d729 [OK]
row: 5, col: 13 | got: 43ce, expected 43ce [OK]
row: 5, col: 14 | got: 5f2e, expected 5f2e [OK]
row: 5, col: 15 | got: f260, expected f260 [OK]
row: 6, col: 0 | got: 85a5, expected 85a5 [OK]
row: 6, col: 1 | got: 8ae, expected 8ae [OK]
row: 6, col: 2 | got: 1928, expected 1928 [OK]
row: 6, col: 3 | got: 41ee, expected 41ee [OK]
row: 6, col: 4 | got: ca3a, expected ca3a [OK]
row: 6, col: 5 | got: f2f, expected f2f [OK]
row: 6, col: 6 | got: 4c1, expected 4c1 [OK]
row: 6, col: 7 | got: e697, expected e697 [OK]
row: 6, col: 8 | got: 1939, expected 1939 [OK]
row: 6, col: 9 | got: 7bd8, expected 7bd8 [OK]
row: 6, col: 10 | got: f8ad, expected f8ad [OK]
row: 6, col: 11 | got: ebb5, expected ebb5 [OK]
row: 6, col: 12 | got: bc44, expected bc44 [OK]
row: 6, col: 13 | got: 3873, expected 3873 [OK]
row: 6, col: 14 | got: 6575, expected 6575 [OK]
row: 6, col: 15 | got: a86f, expected a86f [OK]
row: 7, col: 0 | got: 8e1, expected 8e1 [OK]
row: 7, col: 1 | got: 9150, expected 9150 [OK]
row: 7, col: 2 | got: 7146, expected 7146 [OK]
row: 7, col: 3 | got: bcc, expected bcc [OK]
row: 7, col: 4 | got: 6855, expected 6855 [OK]
row: 7, col: 5 | got: 2f2c, expected 2f2c [OK]
row: 7, col: 6 | got: 992, expected 992 [OK]
row: 7, col: 7 | got: 6a4d, expected 6a4d [OK]
row: 7, col: 8 | got: f552, expected f552 [OK]
row: 7, col: 9 | got: 249e, expected 249e [OK]
row: 7, col: 10 | got: 2d3e, expected 2d3e [OK]
row: 7, col: 11 | got: 2c35, expected 2c35 [OK]
row: 7, col: 12 | got: 8b6d, expected 8b6d [OK]
row: 7, col: 13 | got: e154, expected e154 [OK]
row: 7, col: 14 | got: 3d6f, expected 3d6f [OK]
row: 7, col: 15 | got: a1d1, expected a1d1 [OK]
row: 8, col: 0 | got: 5e51, expected 5e51 [OK]
row: 8, col: 1 | got: 14d3, expected 14d3 [OK]
row: 8, col: 2 | got: 8bbb, expected 8bbb [OK]
row: 8, col: 3 | got: b49b, expected b49b [OK]
row: 8, col: 4 | got: 62a5, expected 62a5 [OK]
row: 8, col: 5 | got: 7b55, expected 7b55 [OK]
row: 8, col: 6 | got: b718, expected b718 [OK]
row: 8, col: 7 | got: 7291, expected 7291 [OK]
row: 8, col: 8 | got: d1f9, expected d1f9 [OK]
row: 8, col: 9 | got: 512f, expected 512f [OK]
row: 8, col: 10 | got: 6e2e, expected 6e2e [OK]
row: 8, col: 11 | got: eedc, expected eedc [OK]
row: 8, col: 12 | got: 64f4, expected 64f4 [OK]
row: 8, col: 13 | got: 93cd, expected 93cd [OK]
row: 8, col: 14 | got: 5dd6, expected 5dd6 [OK]
row: 8, col: 15 | got: 59c3, expected 59c3 [OK]
row: 9, col: 0 | got: 2624, expected 2624 [OK]
row: 9, col: 1 | got: 1bbb, expected 1bbb [OK]
row: 9, col: 2 | got: d2cc, expected d2cc [OK]
row: 9, col: 3 | got: 44db, expected 44db [OK]
row: 9, col: 4 | got: 8bb6, expected 8bb6 [OK]
row: 9, col: 5 | got: 1a14, expected 1a14 [OK]
row: 9, col: 6 | got: a94b, expected a94b [OK]
row: 9, col: 7 | got: aca2, expected aca2 [OK]
row: 9, col: 8 | got: 8d08, expected 8d08 [OK]
row: 9, col: 9 | got: e852, expected e852 [OK]
row: 9, col: 10 | got: 94d4, expected 94d4 [OK]
row: 9, col: 11 | got: 97ca, expected 97ca [OK]
row: 9, col: 12 | got: 5c1e, expected 5c1e [OK]
row: 9, col: 13 | got: 81ec, expected 81ec [OK]
row: 9, col: 14 | got: 3cf2, expected 3cf2 [OK]
row: 9, col: 15 | got: 289b, expected 289b [OK]
row: 10, col: 0 | got: 6b61, expected 6b61 [OK]
row: 10, col: 1 | got: d890, expected d890 [OK]
row: 10, col: 2 | got: 9573, expected 9573 [OK]
row: 10, col: 3 | got: d344, expected d344 [OK]
row: 10, col: 4 | got: a759, expected a759 [OK]
row: 10, col: 5 | got: 56c5, expected 56c5 [OK]
row: 10, col: 6 | got: 12bc, expected 12bc [OK]
row: 10, col: 7 | got: 1bdd, expected 1bdd [OK]
row: 10, col: 8 | got: 44a0, expected 44a0 [OK]
row: 10, col: 9 | got: 7e0e, expected 7e0e [OK]
row: 10, col: 10 | got: 554f, expected 554f [OK]
row: 10, col: 11 | got: 3bda, expected 3bda [OK]
row: 10, col: 12 | got: cbd9, expected cbd9 [OK]
row: 10, col: 13 | got: 617c, expected 617c [OK]
row: 10, col: 14 | got: c419, expected c419 [OK]
row: 10, col: 15 | got: 5367, expected 5367 [OK]
row: 11, col: 0 | got: 32bd, expected 32bd [OK]
row: 11, col: 1 | got: 76be, expected 76be [OK]
row: 11, col: 2 | got: e7e3, expected e7e3 [OK]
row: 11, col: 3 | got: 5fbc, expected 5fbc [OK]
row: 11, col: 4 | got: 8b98, expected 8b98 [OK]
row: 11, col: 5 | got: 176c, expected 176c [OK]
row: 11, col: 6 | got: b83, expected b83 [OK]
row: 11, col: 7 | got: b6d1, expected b6d1 [OK]
row: 11, col: 8 | got: cd1d, expected cd1d [OK]
row: 11, col: 9 | got: cfec, expected cfec [OK]
row: 11, col: 10 | got: 97d, expected 97d [OK]
row: 11, col: 11 | got: 8725, expected 8725 [OK]
row: 11, col: 12 | got: 19e, expected 19e [OK]
row: 11, col: 13 | got: 5f68, expected 5f68 [OK]
row: 11, col: 14 | got: 6234, expected 6234 [OK]
row: 11, col: 15 | got: 34b0, expected 34b0 [OK]
row: 12, col: 0 | got: 707f, expected 707f [OK]
row: 12, col: 1 | got: 2f2c, expected 2f2c [OK]
row: 12, col: 2 | got: cfc0, expected cfc0 [OK]
row: 12, col: 3 | got: 675e, expected 675e [OK]
row: 12, col: 4 | got: 4a08, expected 4a08 [OK]
row: 12, col: 5 | got: f552, expected f552 [OK]
row: 12, col: 6 | got: f7db, expected f7db [OK]
row: 12, col: 7 | got: df76, expected df76 [OK]
row: 12, col: 8 | got: c815, expected c815 [OK]
row: 12, col: 9 | got: 9cdc, expected 9cdc [OK]
row: 12, col: 10 | got: 12c3, expected 12c3 [OK]
row: 12, col: 11 | got: 8140, expected 8140 [OK]
row: 12, col: 12 | got: 72ae, expected 72ae [OK]
row: 12, col: 13 | got: e937, expected e937 [OK]
row: 12, col: 14 | got: 94e5, expected 94e5 [OK]
row: 12, col: 15 | got: 233a, expected 233a [OK]
row: 13, col: 0 | got: 6e24, expected 6e24 [OK]
row: 13, col: 1 | got: 178f, expected 178f [OK]
row: 13, col: 2 | got: 8836, expected 8836 [OK]
row: 13, col: 3 | got: 360f, expected 360f [OK]
row: 13, col: 4 | got: d541, expected d541 [OK]
row: 13, col: 5 | got: 9784, expected 9784 [OK]
row: 13, col: 6 | got: 41db, expected 41db [OK]
row: 13, col: 7 | got: dd39, expected dd39 [OK]
row: 13, col: 8 | got: 18fc, expected 18fc [OK]
row: 13, col: 9 | got: 9aa2, expected 9aa2 [OK]
row: 13, col: 10 | got: f55e, expected f55e [OK]
row: 13, col: 11 | got: 83fe, expected 83fe [OK]
row: 13, col: 12 | got: cbbf, expected cbbf [OK]
row: 13, col: 13 | got: 35af, expected 35af [OK]
row: 13, col: 14 | got: 341d, expected 341d [OK]
row: 13, col: 15 | got: 6de6, expected 6de6 [OK]
row: 14, col: 0 | got: bb68, expected bb68 [OK]
row: 14, col: 1 | got: e507, expected e507 [OK]
row: 14, col: 2 | got: 2a53, expected 2a53 [OK]
row: 14, col: 3 | got: 81d8, expected 81d8 [OK]
row: 14, col: 4 | got: 37a2, expected 37a2 [OK]
row: 14, col: 5 | got: 2c4e, expected 2c4e [OK]
row: 14, col: 6 | got: 9f35, expected 9f35 [OK]
row: 14, col: 7 | got: 527, expected 527 [OK]
row: 14, col: 8 | got: 5f84, expected 5f84 [OK]
row: 14, col: 9 | got: f5a0, expected f5a0 [OK]
row: 14, col: 10 | got: ec6, expected ec6 [OK]
row: 14, col: 11 | got: 3d3f, expected 3d3f [OK]
row: 14, col: 12 | got: fa27, expected fa27 [OK]
row: 14, col: 13 | got: ee36, expected ee36 [OK]
row: 14, col: 14 | got: 18db, expected 18db [OK]
row: 14, col: 15 | got: 8c6, expected 8c6 [OK]
row: 15, col: 0 | got: ffb8, expected ffb8 [OK]
row: 15, col: 1 | got: 344e, expected 344e [OK]
row: 15, col: 2 | got: 517d, expected 517d [OK]
row: 15, col: 3 | got: 89d3, expected 89d3 [OK]
row: 15, col: 4 | got: 7d72, expected 7d72 [OK]
row: 15, col: 5 | got: 2710, expected 2710 [OK]
row: 15, col: 6 | got: 29ff, expected 29ff [OK]
row: 15, col: 7 | got: dfdc, expected dfdc [OK]
row: 15, col: 8 | got: ade, expected ade [OK]
row: 15, col: 9 | got: b6de, expected b6de [OK]
row: 15, col: 10 | got: e750, expected e750 [OK]
row: 15, col: 11 | got: b27b, expected b27b [OK]
row: 15, col: 12 | got: 7bd6, expected 7bd6 [OK]
row: 15, col: 13 | got: 4de8, expected 4de8 [OK]
row: 15, col: 14 | got: 8cf6, expected 8cf6 [OK]
row: 15, col: 15 | got: ecd5, expected ecd5 [OK]
All tests passed. No errors detected.
