FULL SYSTEM TEST
---------------
Populating A and B...
Calculating reference values of C...
Total time: 454251
Total Compute: 13664
Ops: 65536
Ops Rate: 0.000144
Compute Ops Rate: 0.004796
Calculation finished. Testing values...
row: 0, col: 0 | got: 4060, expected 4060 [OK]
row: 0, col: 1 | got: 8b2, expected 8b2 [OK]
row: 0, col: 2 | got: da8f, expected da8f [OK]
row: 0, col: 3 | got: d436, expected d436 [OK]
row: 0, col: 4 | got: df54, expected df54 [OK]
row: 0, col: 5 | got: 6b47, expected 6b47 [OK]
row: 0, col: 6 | got: 41bf, expected 41bf [OK]
row: 0, col: 7 | got: a6b1, expected a6b1 [OK]
row: 0, col: 8 | got: 3616, expected 3616 [OK]
row: 0, col: 9 | got: 5af1, expected 5af1 [OK]
row: 0, col: 10 | got: 6a40, expected 6a40 [OK]
row: 0, col: 11 | got: 3f57, expected 3f57 [OK]
row: 0, col: 12 | got: 4890, expected 4890 [OK]
row: 0, col: 13 | got: 93fa, expected 93fa [OK]
row: 0, col: 14 | got: fe88, expected fe88 [OK]
row: 0, col: 15 | got: 512c, expected 512c [OK]
row: 0, col: 16 | got: eae9, expected eae9 [OK]
row: 0, col: 17 | got: 9c9b, expected 9c9b [OK]
row: 0, col: 18 | got: 9d51, expected 9d51 [OK]
row: 0, col: 19 | got: 3bc4, expected 3bc4 [OK]
row: 0, col: 20 | got: edca, expected edca [OK]
row: 0, col: 21 | got: d51f, expected d51f [OK]
row: 0, col: 22 | got: b526, expected b526 [OK]
row: 0, col: 23 | got: 95bb, expected 95bb [OK]
row: 0, col: 24 | got: 9c1b, expected 9c1b [OK]
row: 0, col: 25 | got: 5f2a, expected 5f2a [OK]
row: 0, col: 26 | got: a2f0, expected a2f0 [OK]
row: 0, col: 27 | got: fe4e, expected fe4e [OK]
row: 0, col: 28 | got: 61d6, expected 61d6 [OK]
row: 0, col: 29 | got: 1150, expected 1150 [OK]
row: 0, col: 30 | got: f8c4, expected f8c4 [OK]
row: 0, col: 31 | got: 2766, expected 2766 [OK]
row: 1, col: 0 | got: 3ba4, expected 3ba4 [OK]
row: 1, col: 1 | got: c92a, expected c92a [OK]
row: 1, col: 2 | got: 74c8, expected 74c8 [OK]
row: 1, col: 3 | got: cf41, expected cf41 [OK]
row: 1, col: 4 | got: b9e3, expected b9e3 [OK]
row: 1, col: 5 | got: cf77, expected cf77 [OK]
row: 1, col: 6 | got: 1e48, expected 1e48 [OK]
row: 1, col: 7 | got: 5a73, expected 5a73 [OK]
row: 1, col: 8 | got: 6b18, expected 6b18 [OK]
row: 1, col: 9 | got: 8f2, expected 8f2 [OK]
row: 1, col: 10 | got: 38b1, expected 38b1 [OK]
row: 1, col: 11 | got: 90e5, expected 90e5 [OK]
row: 1, col: 12 | got: d853, expected d853 [OK]
row: 1, col: 13 | got: 9621, expected 9621 [OK]
row: 1, col: 14 | got: 7b2b, expected 7b2b [OK]
row: 1, col: 15 | got: 1c12, expected 1c12 [OK]
row: 1, col: 16 | got: 1963, expected 1963 [OK]
row: 1, col: 17 | got: ec86, expected ec86 [OK]
row: 1, col: 18 | got: f5f3, expected f5f3 [OK]
row: 1, col: 19 | got: cef9, expected cef9 [OK]
row: 1, col: 20 | got: 782e, expected 782e [OK]
row: 1, col: 21 | got: 1c3a, expected 1c3a [OK]
row: 1, col: 22 | got: 8b8a, expected 8b8a [OK]
row: 1, col: 23 | got: 16e1, expected 16e1 [OK]
row: 1, col: 24 | got: 1ba, expected 1ba [OK]
row: 1, col: 25 | got: 1f6d, expected 1f6d [OK]
row: 1, col: 26 | got: 3c85, expected 3c85 [OK]
row: 1, col: 27 | got: 6181, expected 6181 [OK]
row: 1, col: 28 | got: 5df6, expected 5df6 [OK]
row: 1, col: 29 | got: 26b5, expected 26b5 [OK]
row: 1, col: 30 | got: 5f40, expected 5f40 [OK]
row: 1, col: 31 | got: d3f7, expected d3f7 [OK]
row: 2, col: 0 | got: d4cb, expected d4cb [OK]
row: 2, col: 1 | got: aebc, expected aebc [OK]
row: 2, col: 2 | got: 4080, expected 4080 [OK]
row: 2, col: 3 | got: e03e, expected e03e [OK]
row: 2, col: 4 | got: dbd8, expected dbd8 [OK]
row: 2, col: 5 | got: 8c38, expected 8c38 [OK]
row: 2, col: 6 | got: c0eb, expected c0eb [OK]
row: 2, col: 7 | got: 823b, expected 823b [OK]
row: 2, col: 8 | got: 45c1, expected 45c1 [OK]
row: 2, col: 9 | got: 5f8d, expected 5f8d [OK]
row: 2, col: 10 | got: 13b6, expected 13b6 [OK]
row: 2, col: 11 | got: 47e3, expected 47e3 [OK]
row: 2, col: 12 | got: 4f22, expected 4f22 [OK]
row: 2, col: 13 | got: fce6, expected fce6 [OK]
row: 2, col: 14 | got: 4039, expected 4039 [OK]
row: 2, col: 15 | got: a922, expected a922 [OK]
row: 2, col: 16 | got: 29dd, expected 29dd [OK]
row: 2, col: 17 | got: 42f5, expected 42f5 [OK]
row: 2, col: 18 | got: 2b69, expected 2b69 [OK]
row: 2, col: 19 | got: f1a0, expected f1a0 [OK]
row: 2, col: 20 | got: 98d, expected 98d [OK]
row: 2, col: 21 | got: 15fd, expected 15fd [OK]
row: 2, col: 22 | got: d218, expected d218 [OK]
row: 2, col: 23 | got: bc86, expected bc86 [OK]
row: 2, col: 24 | got: 53c8, expected 53c8 [OK]
row: 2, col: 25 | got: d072, expected d072 [OK]
row: 2, col: 26 | got: e748, expected e748 [OK]
row: 2, col: 27 | got: 5eec, expected 5eec [OK]
row: 2, col: 28 | got: 2f6, expected 2f6 [OK]
row: 2, col: 29 | got: 14f7, expected 14f7 [OK]
row: 2, col: 30 | got: 2771, expected 2771 [OK]
row: 2, col: 31 | got: b9ef, expected b9ef [OK]
row: 3, col: 0 | got: fd6a, expected fd6a [OK]
row: 3, col: 1 | got: e534, expected e534 [OK]
row: 3, col: 2 | got: a02a, expected a02a [OK]
row: 3, col: 3 | got: bb5b, expected bb5b [OK]
row: 3, col: 4 | got: 9ca6, expected 9ca6 [OK]
row: 3, col: 5 | got: 2733, expected 2733 [OK]
row: 3, col: 6 | got: 2b6f, expected 2b6f [OK]
row: 3, col: 7 | got: 9897, expected 9897 [OK]
row: 3, col: 8 | got: 8a45, expected 8a45 [OK]
row: 3, col: 9 | got: e962, expected e962 [OK]
row: 3, col: 10 | got: 86ce, expected 86ce [OK]
row: 3, col: 11 | got: 97fc, expected 97fc [OK]
row: 3, col: 12 | got: 49e2, expected 49e2 [OK]
row: 3, col: 13 | got: 220b, expected 220b [OK]
row: 3, col: 14 | got: 1317, expected 1317 [OK]
row: 3, col: 15 | got: 7927, expected 7927 [OK]
row: 3, col: 16 | got: e547, expected e547 [OK]
row: 3, col: 17 | got: ca35, expected ca35 [OK]
row: 3, col: 18 | got: ac85, expected ac85 [OK]
row: 3, col: 19 | got: ef83, expected ef83 [OK]
row: 3, col: 20 | got: d356, expected d356 [OK]
row: 3, col: 21 | got: d097, expected d097 [OK]
row: 3, col: 22 | got: 8411, expected 8411 [OK]
row: 3, col: 23 | got: da5c, expected da5c [OK]
row: 3, col: 24 | got: b13e, expected b13e [OK]
row: 3, col: 25 | got: c006, expected c006 [OK]
row: 3, col: 26 | got: 1785, expected 1785 [OK]
row: 3, col: 27 | got: df22, expected df22 [OK]
row: 3, col: 28 | got: 9236, expected 9236 [OK]
row: 3, col: 29 | got: 2e90, expected 2e90 [OK]
row: 3, col: 30 | got: 42d7, expected 42d7 [OK]
row: 3, col: 31 | got: f15c, expected f15c [OK]
row: 4, col: 0 | got: 72ba, expected 72ba [OK]
row: 4, col: 1 | got: 5207, expected 5207 [OK]
row: 4, col: 2 | got: 731c, expected 731c [OK]
row: 4, col: 3 | got: b8ea, expected b8ea [OK]
row: 4, col: 4 | got: 52c, expected 52c [OK]
row: 4, col: 5 | got: f240, expected f240 [OK]
row: 4, col: 6 | got: 747, expected 747 [OK]
row: 4, col: 7 | got: f823, expected f823 [OK]
row: 4, col: 8 | got: 4990, expected 4990 [OK]
row: 4, col: 9 | got: 60b0, expected 60b0 [OK]
row: 4, col: 10 | got: fd9c, expected fd9c [OK]
row: 4, col: 11 | got: 7333, expected 7333 [OK]
row: 4, col: 12 | got: 87f2, expected 87f2 [OK]
row: 4, col: 13 | got: 1cdc, expected 1cdc [OK]
row: 4, col: 14 | got: 6c07, expected 6c07 [OK]
row: 4, col: 15 | got: 5a3d, expected 5a3d [OK]
row: 4, col: 16 | got: d6c6, expected d6c6 [OK]
row: 4, col: 17 | got: 3016, expected 3016 [OK]
row: 4, col: 18 | got: 376f, expected 376f [OK]
row: 4, col: 19 | got: 131a, expected 131a [OK]
row: 4, col: 20 | got: 721c, expected 721c [OK]
row: 4, col: 21 | got: 576b, expected 576b [OK]
row: 4, col: 22 | got: def2, expected def2 [OK]
row: 4, col: 23 | got: 22bc, expected 22bc [OK]
row: 4, col: 24 | got: deff, expected deff [OK]
row: 4, col: 25 | got: 96de, expected 96de [OK]
row: 4, col: 26 | got: 8063, expected 8063 [OK]
row: 4, col: 27 | got: b66b, expected b66b [OK]
row: 4, col: 28 | got: 2413, expected 2413 [OK]
row: 4, col: 29 | got: e6db, expected e6db [OK]
row: 4, col: 30 | got: 1ee6, expected 1ee6 [OK]
row: 4, col: 31 | got: 654f, expected 654f [OK]
row: 5, col: 0 | got: 3d65, expected 3d65 [OK]
row: 5, col: 1 | got: bbbd, expected bbbd [OK]
row: 5, col: 2 | got: d258, expected d258 [OK]
row: 5, col: 3 | got: d1b8, expected d1b8 [OK]
row: 5, col: 4 | got: d380, expected d380 [OK]
row: 5, col: 5 | got: 5131, expected 5131 [OK]
row: 5, col: 6 | got: 2a36, expected 2a36 [OK]
row: 5, col: 7 | got: 1c4a, expected 1c4a [OK]
row: 5, col: 8 | got: 63d5, expected 63d5 [OK]
row: 5, col: 9 | got: 56bb, expected 56bb [OK]
row: 5, col: 10 | got: a109, expected a109 [OK]
row: 5, col: 11 | got: 9c57, expected 9c57 [OK]
row: 5, col: 12 | got: 9e91, expected 9e91 [OK]
row: 5, col: 13 | got: 4541, expected 4541 [OK]
row: 5, col: 14 | got: 3c6a, expected 3c6a [OK]
row: 5, col: 15 | got: ec92, expected ec92 [OK]
row: 5, col: 16 | got: a32f, expected a32f [OK]
row: 5, col: 17 | got: cc1a, expected cc1a [OK]
row: 5, col: 18 | got: c3d5, expected c3d5 [OK]
row: 5, col: 19 | got: 1d9c, expected 1d9c [OK]
row: 5, col: 20 | got: 4cc0, expected 4cc0 [OK]
row: 5, col: 21 | got: 42ac, expected 42ac [OK]
row: 5, col: 22 | got: eccc, expected eccc [OK]
row: 5, col: 23 | got: a34, expected a34 [OK]
row: 5, col: 24 | got: 1eeb, expected 1eeb [OK]
row: 5, col: 25 | got: 9826, expected 9826 [OK]
row: 5, col: 26 | got: f765, expected f765 [OK]
row: 5, col: 27 | got: e034, expected e034 [OK]
row: 5, col: 28 | got: a144, expected a144 [OK]
row: 5, col: 29 | got: 2e28, expected 2e28 [OK]
row: 5, col: 30 | got: ad71, expected ad71 [OK]
row: 5, col: 31 | got: 1b70, expected 1b70 [OK]
row: 6, col: 0 | got: dc7a, expected dc7a [OK]
row: 6, col: 1 | got: 1c96, expected 1c96 [OK]
row: 6, col: 2 | got: 538e, expected 538e [OK]
row: 6, col: 3 | got: e89d, expected e89d [OK]
row: 6, col: 4 | got: d795, expected d795 [OK]
row: 6, col: 5 | got: 5476, expected 5476 [OK]
row: 6, col: 6 | got: 839b, expected 839b [OK]
row: 6, col: 7 | got: 11bf, expected 11bf [OK]
row: 6, col: 8 | got: 8f26, expected 8f26 [OK]
row: 6, col: 9 | got: ab84, expected ab84 [OK]
row: 6, col: 10 | got: ec41, expected ec41 [OK]
row: 6, col: 11 | got: 23e2, expected 23e2 [OK]
row: 6, col: 12 | got: 787d, expected 787d [OK]
row: 6, col: 13 | got: 6d30, expected 6d30 [OK]
row: 6, col: 14 | got: a855, expected a855 [OK]
row: 6, col: 15 | got: 2a38, expected 2a38 [OK]
row: 6, col: 16 | got: 3529, expected 3529 [OK]
row: 6, col: 17 | got: d6d9, expected d6d9 [OK]
row: 6, col: 18 | got: 1d82, expected 1d82 [OK]
row: 6, col: 19 | got: 3f54, expected 3f54 [OK]
row: 6, col: 20 | got: 2326, expected 2326 [OK]
row: 6, col: 21 | got: 9256, expected 9256 [OK]
row: 6, col: 22 | got: 9de7, expected 9de7 [OK]
row: 6, col: 23 | got: 3045, expected 3045 [OK]
row: 6, col: 24 | got: 561f, expected 561f [OK]
row: 6, col: 25 | got: 1ad7, expected 1ad7 [OK]
row: 6, col: 26 | got: fcf8, expected fcf8 [OK]
row: 6, col: 27 | got: 327c, expected 327c [OK]
row: 6, col: 28 | got: e790, expected e790 [OK]
row: 6, col: 29 | got: 4cf7, expected 4cf7 [OK]
row: 6, col: 30 | got: 97b4, expected 97b4 [OK]
row: 6, col: 31 | got: 4708, expected 4708 [OK]
row: 7, col: 0 | got: e809, expected e809 [OK]
row: 7, col: 1 | got: 49aa, expected 49aa [OK]
row: 7, col: 2 | got: 44c2, expected 44c2 [OK]
row: 7, col: 3 | got: 2fe3, expected 2fe3 [OK]
row: 7, col: 4 | got: 9636, expected 9636 [OK]
row: 7, col: 5 | got: f716, expected f716 [OK]
row: 7, col: 6 | got: 3bb9, expected 3bb9 [OK]
row: 7, col: 7 | got: 7252, expected 7252 [OK]
row: 7, col: 8 | got: 1d59, expected 1d59 [OK]
row: 7, col: 9 | got: b608, expected b608 [OK]
row: 7, col: 10 | got: cee6, expected cee6 [OK]
row: 7, col: 11 | got: 909a, expected 909a [OK]
row: 7, col: 12 | got: 8244, expected 8244 [OK]
row: 7, col: 13 | got: 708c, expected 708c [OK]
row: 7, col: 14 | got: 7d70, expected 7d70 [OK]
row: 7, col: 15 | got: f688, expected f688 [OK]
row: 7, col: 16 | got: 5b41, expected 5b41 [OK]
row: 7, col: 17 | got: ab69, expected ab69 [OK]
row: 7, col: 18 | got: 411a, expected 411a [OK]
row: 7, col: 19 | got: f363, expected f363 [OK]
row: 7, col: 20 | got: 96a8, expected 96a8 [OK]
row: 7, col: 21 | got: 39d2, expected 39d2 [OK]
row: 7, col: 22 | got: e7af, expected e7af [OK]
row: 7, col: 23 | got: c6df, expected c6df [OK]
row: 7, col: 24 | got: bc34, expected bc34 [OK]
row: 7, col: 25 | got: 6d23, expected 6d23 [OK]
row: 7, col: 26 | got: 2cf2, expected 2cf2 [OK]
row: 7, col: 27 | got: 806a, expected 806a [OK]
row: 7, col: 28 | got: 22cd, expected 22cd [OK]
row: 7, col: 29 | got: 40ae, expected 40ae [OK]
row: 7, col: 30 | got: cc64, expected cc64 [OK]
row: 7, col: 31 | got: f438, expected f438 [OK]
row: 8, col: 0 | got: 84a0, expected 84a0 [OK]
row: 8, col: 1 | got: a645, expected a645 [OK]
row: 8, col: 2 | got: bcff, expected bcff [OK]
row: 8, col: 3 | got: c099, expected c099 [OK]
row: 8, col: 4 | got: 92ce, expected 92ce [OK]
row: 8, col: 5 | got: 723, expected 723 [OK]
row: 8, col: 6 | got: b39, expected b39 [OK]
row: 8, col: 7 | got: cca5, expected cca5 [OK]
row: 8, col: 8 | got: 8fd1, expected 8fd1 [OK]
row: 8, col: 9 | got: 28, expected 28 [OK]
row: 8, col: 10 | got: 6d7, expected 6d7 [OK]
row: 8, col: 11 | got: bf46, expected bf46 [OK]
row: 8, col: 12 | got: 92c3, expected 92c3 [OK]
row: 8, col: 13 | got: 2bba, expected 2bba [OK]
row: 8, col: 14 | got: 25b7, expected 25b7 [OK]
row: 8, col: 15 | got: 775e, expected 775e [OK]
row: 8, col: 16 | got: e3a3, expected e3a3 [OK]
row: 8, col: 17 | got: ee01, expected ee01 [OK]
row: 8, col: 18 | got: 1dc9, expected 1dc9 [OK]
row: 8, col: 19 | got: 3089, expected 3089 [OK]
row: 8, col: 20 | got: 727b, expected 727b [OK]
row: 8, col: 21 | got: cb64, expected cb64 [OK]
row: 8, col: 22 | got: 2524, expected 2524 [OK]
row: 8, col: 23 | got: 4300, expected 4300 [OK]
row: 8, col: 24 | got: 4a7b, expected 4a7b [OK]
row: 8, col: 25 | got: d551, expected d551 [OK]
row: 8, col: 26 | got: 917d, expected 917d [OK]
row: 8, col: 27 | got: 5e1b, expected 5e1b [OK]
row: 8, col: 28 | got: 38fa, expected 38fa [OK]
row: 8, col: 29 | got: dc1a, expected dc1a [OK]
row: 8, col: 30 | got: 5a95, expected 5a95 [OK]
row: 8, col: 31 | got: cd78, expected cd78 [OK]
row: 9, col: 0 | got: df69, expected df69 [OK]
row: 9, col: 1 | got: b580, expected b580 [OK]
row: 9, col: 2 | got: f158, expected f158 [OK]
row: 9, col: 3 | got: 1f35, expected 1f35 [OK]
row: 9, col: 4 | got: 887f, expected 887f [OK]
row: 9, col: 5 | got: 709b, expected 709b [OK]
row: 9, col: 6 | got: 806d, expected 806d [OK]
row: 9, col: 7 | got: f500, expected f500 [OK]
row: 9, col: 8 | got: bbbd, expected bbbd [OK]
row: 9, col: 9 | got: 6ef, expected 6ef [OK]
row: 9, col: 10 | got: 50d, expected 50d [OK]
row: 9, col: 11 | got: 885d, expected 885d [OK]
row: 9, col: 12 | got: e458, expected e458 [OK]
row: 9, col: 13 | got: f4b2, expected f4b2 [OK]
row: 9, col: 14 | got: 412d, expected 412d [OK]
row: 9, col: 15 | got: 5ba6, expected 5ba6 [OK]
row: 9, col: 16 | got: f4fc, expected f4fc [OK]
row: 9, col: 17 | got: 9fd8, expected 9fd8 [OK]
row: 9, col: 18 | got: c819, expected c819 [OK]
row: 9, col: 19 | got: 5833, expected 5833 [OK]
row: 9, col: 20 | got: cda6, expected cda6 [OK]
row: 9, col: 21 | got: b7c4, expected b7c4 [OK]
row: 9, col: 22 | got: 434b, expected 434b [OK]
row: 9, col: 23 | got: ff13, expected ff13 [OK]
row: 9, col: 24 | got: bd5, expected bd5 [OK]
row: 9, col: 25 | got: f2a, expected f2a [OK]
row: 9, col: 26 | got: a2d4, expected a2d4 [OK]
row: 9, col: 27 | got: 1e55, expected 1e55 [OK]
row: 9, col: 28 | got: 6a4f, expected 6a4f [OK]
row: 9, col: 29 | got: 703e, expected 703e [OK]
row: 9, col: 30 | got: f3cd, expected f3cd [OK]
row: 9, col: 31 | got: 466a, expected 466a [OK]
row: 10, col: 0 | got: ac60, expected ac60 [OK]
row: 10, col: 1 | got: 36ef, expected 36ef [OK]
row: 10, col: 2 | got: 6e3b, expected 6e3b [OK]
row: 10, col: 3 | got: 5e33, expected 5e33 [OK]
row: 10, col: 4 | got: 2e88, expected 2e88 [OK]
row: 10, col: 5 | got: 20e9, expected 20e9 [OK]
row: 10, col: 6 | got: 2e2f, expected 2e2f [OK]
row: 10, col: 7 | got: 1233, expected 1233 [OK]
row: 10, col: 8 | got: 1c3d, expected 1c3d [OK]
row: 10, col: 9 | got: 7183, expected 7183 [OK]
row: 10, col: 10 | got: 67b0, expected 67b0 [OK]
row: 10, col: 11 | got: 9371, expected 9371 [OK]
row: 10, col: 12 | got: 77fd, expected 77fd [OK]
row: 10, col: 13 | got: 4a75, expected 4a75 [OK]
row: 10, col: 14 | got: bbe7, expected bbe7 [OK]
row: 10, col: 15 | got: a834, expected a834 [OK]
row: 10, col: 16 | got: a5da, expected a5da [OK]
row: 10, col: 17 | got: b33f, expected b33f [OK]
row: 10, col: 18 | got: bb1f, expected bb1f [OK]
row: 10, col: 19 | got: 514, expected 514 [OK]
row: 10, col: 20 | got: ae36, expected ae36 [OK]
row: 10, col: 21 | got: 53b4, expected 53b4 [OK]
row: 10, col: 22 | got: 7f3d, expected 7f3d [OK]
row: 10, col: 23 | got: af19, expected af19 [OK]
row: 10, col: 24 | got: c996, expected c996 [OK]
row: 10, col: 25 | got: 6399, expected 6399 [OK]
row: 10, col: 26 | got: 2236, expected 2236 [OK]
row: 10, col: 27 | got: 3033, expected 3033 [OK]
row: 10, col: 28 | got: 6d7b, expected 6d7b [OK]
row: 10, col: 29 | got: 876d, expected 876d [OK]
row: 10, col: 30 | got: 215b, expected 215b [OK]
row: 10, col: 31 | got: ec0e, expected ec0e [OK]
row: 11, col: 0 | got: 8e8e, expected 8e8e [OK]
row: 11, col: 1 | got: e93c, expected e93c [OK]
row: 11, col: 2 | got: 1634, expected 1634 [OK]
row: 11, col: 3 | got: 21fe, expected 21fe [OK]
row: 11, col: 4 | got: 2216, expected 2216 [OK]
row: 11, col: 5 | got: 52bd, expected 52bd [OK]
row: 11, col: 6 | got: 2f83, expected 2f83 [OK]
row: 11, col: 7 | got: 1aff, expected 1aff [OK]
row: 11, col: 8 | got: 7503, expected 7503 [OK]
row: 11, col: 9 | got: f77b, expected f77b [OK]
row: 11, col: 10 | got: 5821, expected 5821 [OK]
row: 11, col: 11 | got: 2fd2, expected 2fd2 [OK]
row: 11, col: 12 | got: 3eb1, expected 3eb1 [OK]
row: 11, col: 13 | got: be3d, expected be3d [OK]
row: 11, col: 14 | got: 5b7c, expected 5b7c [OK]
row: 11, col: 15 | got: 609f, expected 609f [OK]
row: 11, col: 16 | got: 430, expected 430 [OK]
row: 11, col: 17 | got: cd2f, expected cd2f [OK]
row: 11, col: 18 | got: f016, expected f016 [OK]
row: 11, col: 19 | got: 2b7c, expected 2b7c [OK]
row: 11, col: 20 | got: bdf1, expected bdf1 [OK]
row: 11, col: 21 | got: 157a, expected 157a [OK]
row: 11, col: 22 | got: c49f, expected c49f [OK]
row: 11, col: 23 | got: a957, expected a957 [OK]
row: 11, col: 24 | got: 500a, expected 500a [OK]
row: 11, col: 25 | got: dfd6, expected dfd6 [OK]
row: 11, col: 26 | got: 11f1, expected 11f1 [OK]
row: 11, col: 27 | got: 703, expected 703 [OK]
row: 11, col: 28 | got: 1d4f, expected 1d4f [OK]
row: 11, col: 29 | got: 421c, expected 421c [OK]
row: 11, col: 30 | got: d991, expected d991 [OK]
row: 11, col: 31 | got: 46b0, expected 46b0 [OK]
row: 12, col: 0 | got: feea, expected feea [OK]
row: 12, col: 1 | got: 2869, expected 2869 [OK]
row: 12, col: 2 | got: b534, expected b534 [OK]
row: 12, col: 3 | got: aa8b, expected aa8b [OK]
row: 12, col: 4 | got: cd41, expected cd41 [OK]
row: 12, col: 5 | got: 8f67, expected 8f67 [OK]
row: 12, col: 6 | got: dccf, expected dccf [OK]
row: 12, col: 7 | got: 6904, expected 6904 [OK]
row: 12, col: 8 | got: e80b, expected e80b [OK]
row: 12, col: 9 | got: cfa3, expected cfa3 [OK]
row: 12, col: 10 | got: 7ca7, expected 7ca7 [OK]
row: 12, col: 11 | got: dc3f, expected dc3f [OK]
row: 12, col: 12 | got: 5703, expected 5703 [OK]
row: 12, col: 13 | got: 1853, expected 1853 [OK]
row: 12, col: 14 | got: 9c36, expected 9c36 [OK]
row: 12, col: 15 | got: aa16, expected aa16 [OK]
row: 12, col: 16 | got: c59b, expected c59b [OK]
row: 12, col: 17 | got: ea9d, expected ea9d [OK]
row: 12, col: 18 | got: 1729, expected 1729 [OK]
row: 12, col: 19 | got: d325, expected d325 [OK]
row: 12, col: 20 | got: 9d80, expected 9d80 [OK]
row: 12, col: 21 | got: 67f9, expected 67f9 [OK]
row: 12, col: 22 | got: a6b0, expected a6b0 [OK]
row: 12, col: 23 | got: 467e, expected 467e [OK]
row: 12, col: 24 | got: f8e5, expected f8e5 [OK]
row: 12, col: 25 | got: fd5c, expected fd5c [OK]
row: 12, col: 26 | got: 17cb, expected 17cb [OK]
row: 12, col: 27 | got: b03, expected b03 [OK]
row: 12, col: 28 | got: b8a0, expected b8a0 [OK]
row: 12, col: 29 | got: a51, expected a51 [OK]
row: 12, col: 30 | got: e85b, expected e85b [OK]
row: 12, col: 31 | got: 93d, expected 93d [OK]
row: 13, col: 0 | got: 2f19, expected 2f19 [OK]
row: 13, col: 1 | got: 47dd, expected 47dd [OK]
row: 13, col: 2 | got: ef71, expected ef71 [OK]
row: 13, col: 3 | got: afdf, expected afdf [OK]
row: 13, col: 4 | got: 7c4a, expected 7c4a [OK]
row: 13, col: 5 | got: 63ff, expected 63ff [OK]
row: 13, col: 6 | got: ec95, expected ec95 [OK]
row: 13, col: 7 | got: 20a2, expected 20a2 [OK]
row: 13, col: 8 | got: 2a8c, expected 2a8c [OK]
row: 13, col: 9 | got: 647d, expected 647d [OK]
row: 13, col: 10 | got: cef7, expected cef7 [OK]
row: 13, col: 11 | got: 9830, expected 9830 [OK]
row: 13, col: 12 | got: 1f73, expected 1f73 [OK]
row: 13, col: 13 | got: 139a, expected 139a [OK]
row: 13, col: 14 | got: d95d, expected d95d [OK]
row: 13, col: 15 | got: 12b1, expected 12b1 [OK]
row: 13, col: 16 | got: 4f2a, expected 4f2a [OK]
row: 13, col: 17 | got: dfa5, expected dfa5 [OK]
row: 13, col: 18 | got: 22b8, expected 22b8 [OK]
row: 13, col: 19 | got: 29a, expected 29a [OK]
row: 13, col: 20 | got: eb48, expected eb48 [OK]
row: 13, col: 21 | got: 18d2, expected 18d2 [OK]
row: 13, col: 22 | got: 401f, expected 401f [OK]
row: 13, col: 23 | got: c10c, expected c10c [OK]
row: 13, col: 24 | got: c585, expected c585 [OK]
row: 13, col: 25 | got: 521a, expected 521a [OK]
row: 13, col: 26 | got: 3f19, expected 3f19 [OK]
row: 13, col: 27 | got: ee4e, expected ee4e [OK]
row: 13, col: 28 | got: 689b, expected 689b [OK]
row: 13, col: 29 | got: b3c4, expected b3c4 [OK]
row: 13, col: 30 | got: 48f6, expected 48f6 [OK]
row: 13, col: 31 | got: 81e6, expected 81e6 [OK]
row: 14, col: 0 | got: c700, expected c700 [OK]
row: 14, col: 1 | got: ecd, expected ecd [OK]
row: 14, col: 2 | got: a70b, expected a70b [OK]
row: 14, col: 3 | got: d2b3, expected d2b3 [OK]
row: 14, col: 4 | got: 2d12, expected 2d12 [OK]
row: 14, col: 5 | got: 9ca4, expected 9ca4 [OK]
row: 14, col: 6 | got: fcd, expected fcd [OK]
row: 14, col: 7 | got: 82a2, expected 82a2 [OK]
row: 14, col: 8 | got: 3b58, expected 3b58 [OK]
row: 14, col: 9 | got: 7085, expected 7085 [OK]
row: 14, col: 10 | got: 512d, expected 512d [OK]
row: 14, col: 11 | got: 4506, expected 4506 [OK]
row: 14, col: 12 | got: d267, expected d267 [OK]
row: 14, col: 13 | got: 9e20, expected 9e20 [OK]
row: 14, col: 14 | got: 5ba2, expected 5ba2 [OK]
row: 14, col: 15 | got: 66d2, expected 66d2 [OK]
row: 14, col: 16 | got: d24c, expected d24c [OK]
row: 14, col: 17 | got: 869c, expected 869c [OK]
row: 14, col: 18 | got: b316, expected b316 [OK]
row: 14, col: 19 | got: 22da, expected 22da [OK]
row: 14, col: 20 | got: ced1, expected ced1 [OK]
row: 14, col: 21 | got: f021, expected f021 [OK]
row: 14, col: 22 | got: 559, expected 559 [OK]
row: 14, col: 23 | got: b5f5, expected b5f5 [OK]
row: 14, col: 24 | got: 49b7, expected 49b7 [OK]
row: 14, col: 25 | got: c3e5, expected c3e5 [OK]
row: 14, col: 26 | got: ab3d, expected ab3d [OK]
row: 14, col: 27 | got: e428, expected e428 [OK]
row: 14, col: 28 | got: 3fc0, expected 3fc0 [OK]
row: 14, col: 29 | got: 332f, expected 332f [OK]
row: 14, col: 30 | got: db7d, expected db7d [OK]
row: 14, col: 31 | got: 8cc1, expected 8cc1 [OK]
row: 15, col: 0 | got: 6488, expected 6488 [OK]
row: 15, col: 1 | got: a4c5, expected a4c5 [OK]
row: 15, col: 2 | got: 6ecb, expected 6ecb [OK]
row: 15, col: 3 | got: 2481, expected 2481 [OK]
row: 15, col: 4 | got: 7ee0, expected 7ee0 [OK]
row: 15, col: 5 | got: f414, expected f414 [OK]
row: 15, col: 6 | got: c841, expected c841 [OK]
row: 15, col: 7 | got: 20bf, expected 20bf [OK]
row: 15, col: 8 | got: 133c, expected 133c [OK]
row: 15, col: 9 | got: a07f, expected a07f [OK]
row: 15, col: 10 | got: efe0, expected efe0 [OK]
row: 15, col: 11 | got: 38ab, expected 38ab [OK]
row: 15, col: 12 | got: 9458, expected 9458 [OK]
row: 15, col: 13 | got: badb, expected badb [OK]
row: 15, col: 14 | got: 29b4, expected 29b4 [OK]
row: 15, col: 15 | got: 4f5d, expected 4f5d [OK]
row: 15, col: 16 | got: 3358, expected 3358 [OK]
row: 15, col: 17 | got: a2dc, expected a2dc [OK]
row: 15, col: 18 | got: af7e, expected af7e [OK]
row: 15, col: 19 | got: 3a0a, expected 3a0a [OK]
row: 15, col: 20 | got: 1671, expected 1671 [OK]
row: 15, col: 21 | got: af6f, expected af6f [OK]
row: 15, col: 22 | got: eca3, expected eca3 [OK]
row: 15, col: 23 | got: 550, expected 550 [OK]
row: 15, col: 24 | got: 8507, expected 8507 [OK]
row: 15, col: 25 | got: 88fb, expected 88fb [OK]
row: 15, col: 26 | got: 5de1, expected 5de1 [OK]
row: 15, col: 27 | got: 7d2b, expected 7d2b [OK]
row: 15, col: 28 | got: 2510, expected 2510 [OK]
row: 15, col: 29 | got: df93, expected df93 [OK]
row: 15, col: 30 | got: 56d5, expected 56d5 [OK]
row: 15, col: 31 | got: 60b3, expected 60b3 [OK]
row: 16, col: 0 | got: e035, expected e035 [OK]
row: 16, col: 1 | got: d564, expected d564 [OK]
row: 16, col: 2 | got: 3717, expected 3717 [OK]
row: 16, col: 3 | got: 7d6d, expected 7d6d [OK]
row: 16, col: 4 | got: a947, expected a947 [OK]
row: 16, col: 5 | got: c45, expected c45 [OK]
row: 16, col: 6 | got: 20ea, expected 20ea [OK]
row: 16, col: 7 | got: 4597, expected 4597 [OK]
row: 16, col: 8 | got: cf82, expected cf82 [OK]
row: 16, col: 9 | got: 91aa, expected 91aa [OK]
row: 16, col: 10 | got: 994, expected 994 [OK]
row: 16, col: 11 | got: 6fc2, expected 6fc2 [OK]
row: 16, col: 12 | got: 6e80, expected 6e80 [OK]
row: 16, col: 13 | got: 41ec, expected 41ec [OK]
row: 16, col: 14 | got: c417, expected c417 [OK]
row: 16, col: 15 | got: 2ac6, expected 2ac6 [OK]
row: 16, col: 16 | got: dd18, expected dd18 [OK]
row: 16, col: 17 | got: f57f, expected f57f [OK]
row: 16, col: 18 | got: de68, expected de68 [OK]
row: 16, col: 19 | got: 266e, expected 266e [OK]
row: 16, col: 20 | got: 5c77, expected 5c77 [OK]
row: 16, col: 21 | got: 4ed7, expected 4ed7 [OK]
row: 16, col: 22 | got: 18bc, expected 18bc [OK]
row: 16, col: 23 | got: e60, expected e60 [OK]
row: 16, col: 24 | got: 8631, expected 8631 [OK]
row: 16, col: 25 | got: 6887, expected 6887 [OK]
row: 16, col: 26 | got: c968, expected c968 [OK]
row: 16, col: 27 | got: 75f2, expected 75f2 [OK]
row: 16, col: 28 | got: e8f4, expected e8f4 [OK]
row: 16, col: 29 | got: 8392, expected 8392 [OK]
row: 16, col: 30 | got: 99e6, expected 99e6 [OK]
row: 16, col: 31 | got: 78af, expected 78af [OK]
row: 17, col: 0 | got: b871, expected b871 [OK]
row: 17, col: 1 | got: 31ef, expected 31ef [OK]
row: 17, col: 2 | got: af1e, expected af1e [OK]
row: 17, col: 3 | got: 1a05, expected 1a05 [OK]
row: 17, col: 4 | got: 404b, expected 404b [OK]
row: 17, col: 5 | got: 6c90, expected 6c90 [OK]
row: 17, col: 6 | got: a6a3, expected a6a3 [OK]
row: 17, col: 7 | got: bc1, expected bc1 [OK]
row: 17, col: 8 | got: 2903, expected 2903 [OK]
row: 17, col: 9 | got: 4fb9, expected 4fb9 [OK]
row: 17, col: 10 | got: 5a59, expected 5a59 [OK]
row: 17, col: 11 | got: 2e50, expected 2e50 [OK]
row: 17, col: 12 | got: 9310, expected 9310 [OK]
row: 17, col: 13 | got: 3913, expected 3913 [OK]
row: 17, col: 14 | got: a1c7, expected a1c7 [OK]
row: 17, col: 15 | got: 7545, expected 7545 [OK]
row: 17, col: 16 | got: 4200, expected 4200 [OK]
row: 17, col: 17 | got: a27a, expected a27a [OK]
row: 17, col: 18 | got: e479, expected e479 [OK]
row: 17, col: 19 | got: 2c05, expected 2c05 [OK]
row: 17, col: 20 | got: 7b19, expected 7b19 [OK]
row: 17, col: 21 | got: 87cb, expected 87cb [OK]
row: 17, col: 22 | got: bd93, expected bd93 [OK]
row: 17, col: 23 | got: 359a, expected 359a [OK]
row: 17, col: 24 | got: ae01, expected ae01 [OK]
row: 17, col: 25 | got: b998, expected b998 [OK]
row: 17, col: 26 | got: 4c9, expected 4c9 [OK]
row: 17, col: 27 | got: 63ec, expected 63ec [OK]
row: 17, col: 28 | got: bc07, expected bc07 [OK]
row: 17, col: 29 | got: 58e8, expected 58e8 [OK]
row: 17, col: 30 | got: f036, expected f036 [OK]
row: 17, col: 31 | got: 1a3f, expected 1a3f [OK]
row: 18, col: 0 | got: a99b, expected a99b [OK]
row: 18, col: 1 | got: 1825, expected 1825 [OK]
row: 18, col: 2 | got: 7926, expected 7926 [OK]
row: 18, col: 3 | got: c062, expected c062 [OK]
row: 18, col: 4 | got: 1d04, expected 1d04 [OK]
row: 18, col: 5 | got: d720, expected d720 [OK]
row: 18, col: 6 | got: 6fe1, expected 6fe1 [OK]
row: 18, col: 7 | got: b5bc, expected b5bc [OK]
row: 18, col: 8 | got: 670d, expected 670d [OK]
row: 18, col: 9 | got: 93e, expected 93e [OK]
row: 18, col: 10 | got: c9cf, expected c9cf [OK]
row: 18, col: 11 | got: 842c, expected 842c [OK]
row: 18, col: 12 | got: c23, expected c23 [OK]
row: 18, col: 13 | got: b1e9, expected b1e9 [OK]
row: 18, col: 14 | got: e70f, expected e70f [OK]
row: 18, col: 15 | got: 763c, expected 763c [OK]
row: 18, col: 16 | got: 245a, expected 245a [OK]
row: 18, col: 17 | got: 702c, expected 702c [OK]
row: 18, col: 18 | got: f693, expected f693 [OK]
row: 18, col: 19 | got: 8e1e, expected 8e1e [OK]
row: 18, col: 20 | got: f350, expected f350 [OK]
row: 18, col: 21 | got: c71b, expected c71b [OK]
row: 18, col: 22 | got: f4e2, expected f4e2 [OK]
row: 18, col: 23 | got: 7262, expected 7262 [OK]
row: 18, col: 24 | got: f849, expected f849 [OK]
row: 18, col: 25 | got: 53fa, expected 53fa [OK]
row: 18, col: 26 | got: 4e19, expected 4e19 [OK]
row: 18, col: 27 | got: b0cc, expected b0cc [OK]
row: 18, col: 28 | got: 6012, expected 6012 [OK]
row: 18, col: 29 | got: a48a, expected a48a [OK]
row: 18, col: 30 | got: 6536, expected 6536 [OK]
row: 18, col: 31 | got: 5043, expected 5043 [OK]
row: 19, col: 0 | got: 82a1, expected 82a1 [OK]
row: 19, col: 1 | got: 4acf, expected 4acf [OK]
row: 19, col: 2 | got: 2db7, expected 2db7 [OK]
row: 19, col: 3 | got: d53f, expected d53f [OK]
row: 19, col: 4 | got: 62f1, expected 62f1 [OK]
row: 19, col: 5 | got: 6300, expected 6300 [OK]
row: 19, col: 6 | got: ba67, expected ba67 [OK]
row: 19, col: 7 | got: bcd4, expected bcd4 [OK]
row: 19, col: 8 | got: a2a6, expected a2a6 [OK]
row: 19, col: 9 | got: a6c0, expected a6c0 [OK]
row: 19, col: 10 | got: f1f1, expected f1f1 [OK]
row: 19, col: 11 | got: 4825, expected 4825 [OK]
row: 19, col: 12 | got: 2077, expected 2077 [OK]
row: 19, col: 13 | got: d2c9, expected d2c9 [OK]
row: 19, col: 14 | got: b26e, expected b26e [OK]
row: 19, col: 15 | got: 74ad, expected 74ad [OK]
row: 19, col: 16 | got: a550, expected a550 [OK]
row: 19, col: 17 | got: 218a, expected 218a [OK]
row: 19, col: 18 | got: b0c8, expected b0c8 [OK]
row: 19, col: 19 | got: ab88, expected ab88 [OK]
row: 19, col: 20 | got: e255, expected e255 [OK]
row: 19, col: 21 | got: 72fa, expected 72fa [OK]
row: 19, col: 22 | got: 2765, expected 2765 [OK]
row: 19, col: 23 | got: 5d18, expected 5d18 [OK]
row: 19, col: 24 | got: 483a, expected 483a [OK]
row: 19, col: 25 | got: 87c5, expected 87c5 [OK]
row: 19, col: 26 | got: f4c5, expected f4c5 [OK]
row: 19, col: 27 | got: aad5, expected aad5 [OK]
row: 19, col: 28 | got: f522, expected f522 [OK]
row: 19, col: 29 | got: 35bf, expected 35bf [OK]
row: 19, col: 30 | got: ba9f, expected ba9f [OK]
row: 19, col: 31 | got: d62c, expected d62c [OK]
row: 20, col: 0 | got: 980a, expected 980a [OK]
row: 20, col: 1 | got: d907, expected d907 [OK]
row: 20, col: 2 | got: e7f6, expected e7f6 [OK]
row: 20, col: 3 | got: 4cf5, expected 4cf5 [OK]
row: 20, col: 4 | got: 94cb, expected 94cb [OK]
row: 20, col: 5 | got: ead, expected ead [OK]
row: 20, col: 6 | got: dd48, expected dd48 [OK]
row: 20, col: 7 | got: d9fa, expected d9fa [OK]
row: 20, col: 8 | got: 2638, expected 2638 [OK]
row: 20, col: 9 | got: 791c, expected 791c [OK]
row: 20, col: 10 | got: e202, expected e202 [OK]
row: 20, col: 11 | got: 8cd, expected 8cd [OK]
row: 20, col: 12 | got: 6a51, expected 6a51 [OK]
row: 20, col: 13 | got: c1fb, expected c1fb [OK]
row: 20, col: 14 | got: 85b5, expected 85b5 [OK]
row: 20, col: 15 | got: 60fc, expected 60fc [OK]
row: 20, col: 16 | got: 1755, expected 1755 [OK]
row: 20, col: 17 | got: 9069, expected 9069 [OK]
row: 20, col: 18 | got: 3a7a, expected 3a7a [OK]
row: 20, col: 19 | got: a932, expected a932 [OK]
row: 20, col: 20 | got: 6a5d, expected 6a5d [OK]
row: 20, col: 21 | got: eeb6, expected eeb6 [OK]
row: 20, col: 22 | got: 32ad, expected 32ad [OK]
row: 20, col: 23 | got: 8a02, expected 8a02 [OK]
row: 20, col: 24 | got: c437, expected c437 [OK]
row: 20, col: 25 | got: eea4, expected eea4 [OK]
row: 20, col: 26 | got: 34a1, expected 34a1 [OK]
row: 20, col: 27 | got: eb56, expected eb56 [OK]
row: 20, col: 28 | got: 1e50, expected 1e50 [OK]
row: 20, col: 29 | got: 392, expected 392 [OK]
row: 20, col: 30 | got: b02, expected b02 [OK]
row: 20, col: 31 | got: 1dbd, expected 1dbd [OK]
row: 21, col: 0 | got: 705, expected 705 [OK]
row: 21, col: 1 | got: 2f5d, expected 2f5d [OK]
row: 21, col: 2 | got: e0cb, expected e0cb [OK]
row: 21, col: 3 | got: e20f, expected e20f [OK]
row: 21, col: 4 | got: 2209, expected 2209 [OK]
row: 21, col: 5 | got: c8f3, expected c8f3 [OK]
row: 21, col: 6 | got: c380, expected c380 [OK]
row: 21, col: 7 | got: e380, expected e380 [OK]
row: 21, col: 8 | got: 9612, expected 9612 [OK]
row: 21, col: 9 | got: e22f, expected e22f [OK]
row: 21, col: 10 | got: 1ae4, expected 1ae4 [OK]
row: 21, col: 11 | got: f662, expected f662 [OK]
row: 21, col: 12 | got: 552a, expected 552a [OK]
row: 21, col: 13 | got: dd22, expected dd22 [OK]
row: 21, col: 14 | got: 799c, expected 799c [OK]
row: 21, col: 15 | got: bd60, expected bd60 [OK]
row: 21, col: 16 | got: ecb8, expected ecb8 [OK]
row: 21, col: 17 | got: 207d, expected 207d [OK]
row: 21, col: 18 | got: e9f5, expected e9f5 [OK]
row: 21, col: 19 | got: 6a0e, expected 6a0e [OK]
row: 21, col: 20 | got: 20e3, expected 20e3 [OK]
row: 21, col: 21 | got: ac0f, expected ac0f [OK]
row: 21, col: 22 | got: 692f, expected 692f [OK]
row: 21, col: 23 | got: 58da, expected 58da [OK]
row: 21, col: 24 | got: 2e4f, expected 2e4f [OK]
row: 21, col: 25 | got: 30f0, expected 30f0 [OK]
row: 21, col: 26 | got: 7fd6, expected 7fd6 [OK]
row: 21, col: 27 | got: 5648, expected 5648 [OK]
row: 21, col: 28 | got: 665f, expected 665f [OK]
row: 21, col: 29 | got: 5ff7, expected 5ff7 [OK]
row: 21, col: 30 | got: 8c11, expected 8c11 [OK]
row: 21, col: 31 | got: 537f, expected 537f [OK]
row: 22, col: 0 | got: 8fbc, expected 8fbc [OK]
row: 22, col: 1 | got: 9d73, expected 9d73 [OK]
row: 22, col: 2 | got: 81ef, expected 81ef [OK]
row: 22, col: 3 | got: 5790, expected 5790 [OK]
row: 22, col: 4 | got: a77b, expected a77b [OK]
row: 22, col: 5 | got: 20a5, expected 20a5 [OK]
row: 22, col: 6 | got: 6785, expected 6785 [OK]
row: 22, col: 7 | got: cff6, expected cff6 [OK]
row: 22, col: 8 | got: 3e9, expected 3e9 [OK]
row: 22, col: 9 | got: f735, expected f735 [OK]
row: 22, col: 10 | got: 2c5a, expected 2c5a [OK]
row: 22, col: 11 | got: 5b36, expected 5b36 [OK]
row: 22, col: 12 | got: cd64, expected cd64 [OK]
row: 22, col: 13 | got: 8d20, expected 8d20 [OK]
row: 22, col: 14 | got: 3c64, expected 3c64 [OK]
row: 22, col: 15 | got: f21c, expected f21c [OK]
row: 22, col: 16 | got: 2fe4, expected 2fe4 [OK]
row: 22, col: 17 | got: 45c7, expected 45c7 [OK]
row: 22, col: 18 | got: 11f9, expected 11f9 [OK]
row: 22, col: 19 | got: 5ee1, expected 5ee1 [OK]
row: 22, col: 20 | got: 32d4, expected 32d4 [OK]
row: 22, col: 21 | got: f888, expected f888 [OK]
row: 22, col: 22 | got: ba1, expected ba1 [OK]
row: 22, col: 23 | got: d449, expected d449 [OK]
row: 22, col: 24 | got: 1587, expected 1587 [OK]
row: 22, col: 25 | got: 9927, expected 9927 [OK]
row: 22, col: 26 | got: e5e7, expected e5e7 [OK]
row: 22, col: 27 | got: 99d1, expected 99d1 [OK]
row: 22, col: 28 | got: b5bd, expected b5bd [OK]
row: 22, col: 29 | got: e03c, expected e03c [OK]
row: 22, col: 30 | got: 29c7, expected 29c7 [OK]
row: 22, col: 31 | got: 7c28, expected 7c28 [OK]
row: 23, col: 0 | got: 6537, expected 6537 [OK]
row: 23, col: 1 | got: 88cd, expected 88cd [OK]
row: 23, col: 2 | got: b4c1, expected b4c1 [OK]
row: 23, col: 3 | got: 4877, expected 4877 [OK]
row: 23, col: 4 | got: a2c2, expected a2c2 [OK]
row: 23, col: 5 | got: 99b, expected 99b [OK]
row: 23, col: 6 | got: f572, expected f572 [OK]
row: 23, col: 7 | got: d455, expected d455 [OK]
row: 23, col: 8 | got: 76c5, expected 76c5 [OK]
row: 23, col: 9 | got: b59d, expected b59d [OK]
row: 23, col: 10 | got: 7301, expected 7301 [OK]
row: 23, col: 11 | got: bc35, expected bc35 [OK]
row: 23, col: 12 | got: 6cd4, expected 6cd4 [OK]
row: 23, col: 13 | got: 8a8b, expected 8a8b [OK]
row: 23, col: 14 | got: 3908, expected 3908 [OK]
row: 23, col: 15 | got: ae0a, expected ae0a [OK]
row: 23, col: 16 | got: f7ef, expected f7ef [OK]
row: 23, col: 17 | got: d5dd, expected d5dd [OK]
row: 23, col: 18 | got: 2163, expected 2163 [OK]
row: 23, col: 19 | got: fcba, expected fcba [OK]
row: 23, col: 20 | got: a6d0, expected a6d0 [OK]
row: 23, col: 21 | got: 5f54, expected 5f54 [OK]
row: 23, col: 22 | got: af8c, expected af8c [OK]
row: 23, col: 23 | got: 8ff7, expected 8ff7 [OK]
row: 23, col: 24 | got: ffa0, expected ffa0 [OK]
row: 23, col: 25 | got: 2aa, expected 2aa [OK]
row: 23, col: 26 | got: c557, expected c557 [OK]
row: 23, col: 27 | got: 4b4f, expected 4b4f [OK]
row: 23, col: 28 | got: 2701, expected 2701 [OK]
row: 23, col: 29 | got: 997d, expected 997d [OK]
row: 23, col: 30 | got: ce64, expected ce64 [OK]
row: 23, col: 31 | got: b9fe, expected b9fe [OK]
row: 24, col: 0 | got: d7ff, expected d7ff [OK]
row: 24, col: 1 | got: feab, expected feab [OK]
row: 24, col: 2 | got: 52a1, expected 52a1 [OK]
row: 24, col: 3 | got: 6e4e, expected 6e4e [OK]
row: 24, col: 4 | got: d4a5, expected d4a5 [OK]
row: 24, col: 5 | got: 8422, expected 8422 [OK]
row: 24, col: 6 | got: 3904, expected 3904 [OK]
row: 24, col: 7 | got: cae9, expected cae9 [OK]
row: 24, col: 8 | got: ecfb, expected ecfb [OK]
row: 24, col: 9 | got: 71d6, expected 71d6 [OK]
row: 24, col: 10 | got: 8fb8, expected 8fb8 [OK]
row: 24, col: 11 | got: f35e, expected f35e [OK]
row: 24, col: 12 | got: fe7c, expected fe7c [OK]
row: 24, col: 13 | got: 7dc6, expected 7dc6 [OK]
row: 24, col: 14 | got: 361a, expected 361a [OK]
row: 24, col: 15 | got: 4d47, expected 4d47 [OK]
row: 24, col: 16 | got: cfc5, expected cfc5 [OK]
row: 24, col: 17 | got: d32a, expected d32a [OK]
row: 24, col: 18 | got: 843b, expected 843b [OK]
row: 24, col: 19 | got: 3ff, expected 3ff [OK]
row: 24, col: 20 | got: 7b8, expected 7b8 [OK]
row: 24, col: 21 | got: a296, expected a296 [OK]
row: 24, col: 22 | got: cc03, expected cc03 [OK]
row: 24, col: 23 | got: be2e, expected be2e [OK]
row: 24, col: 24 | got: 92d, expected 92d [OK]
row: 24, col: 25 | got: 476e, expected 476e [OK]
row: 24, col: 26 | got: 8aaa, expected 8aaa [OK]
row: 24, col: 27 | got: 1c48, expected 1c48 [OK]
row: 24, col: 28 | got: 4b24, expected 4b24 [OK]
row: 24, col: 29 | got: 95fe, expected 95fe [OK]
row: 24, col: 30 | got: 19b3, expected 19b3 [OK]
row: 24, col: 31 | got: f095, expected f095 [OK]
row: 25, col: 0 | got: e8de, expected e8de [OK]
row: 25, col: 1 | got: ba4e, expected ba4e [OK]
row: 25, col: 2 | got: c9f, expected c9f [OK]
row: 25, col: 3 | got: 3353, expected 3353 [OK]
row: 25, col: 4 | got: 5878, expected 5878 [OK]
row: 25, col: 5 | got: be26, expected be26 [OK]
row: 25, col: 6 | got: b60a, expected b60a [OK]
row: 25, col: 7 | got: 8f88, expected 8f88 [OK]
row: 25, col: 8 | got: 45c1, expected 45c1 [OK]
row: 25, col: 9 | got: 9d9e, expected 9d9e [OK]
row: 25, col: 10 | got: a92a, expected a92a [OK]
row: 25, col: 11 | got: 7ec3, expected 7ec3 [OK]
row: 25, col: 12 | got: e4f, expected e4f [OK]
row: 25, col: 13 | got: 74ac, expected 74ac [OK]
row: 25, col: 14 | got: ec6c, expected ec6c [OK]
row: 25, col: 15 | got: 115d, expected 115d [OK]
row: 25, col: 16 | got: 7dc5, expected 7dc5 [OK]
row: 25, col: 17 | got: a854, expected a854 [OK]
row: 25, col: 18 | got: 1187, expected 1187 [OK]
row: 25, col: 19 | got: 24fc, expected 24fc [OK]
row: 25, col: 20 | got: 139c, expected 139c [OK]
row: 25, col: 21 | got: ec3c, expected ec3c [OK]
row: 25, col: 22 | got: 48c5, expected 48c5 [OK]
row: 25, col: 23 | got: a2ad, expected a2ad [OK]
row: 25, col: 24 | got: 1b6f, expected 1b6f [OK]
row: 25, col: 25 | got: f944, expected f944 [OK]
row: 25, col: 26 | got: 94e2, expected 94e2 [OK]
row: 25, col: 27 | got: c148, expected c148 [OK]
row: 25, col: 28 | got: ecef, expected ecef [OK]
row: 25, col: 29 | got: fa97, expected fa97 [OK]
row: 25, col: 30 | got: e9f8, expected e9f8 [OK]
row: 25, col: 31 | got: 3e2f, expected 3e2f [OK]
row: 26, col: 0 | got: fff, expected fff [OK]
row: 26, col: 1 | got: 676f, expected 676f [OK]
row: 26, col: 2 | got: a630, expected a630 [OK]
row: 26, col: 3 | got: e00c, expected e00c [OK]
row: 26, col: 4 | got: edc8, expected edc8 [OK]
row: 26, col: 5 | got: b441, expected b441 [OK]
row: 26, col: 6 | got: e273, expected e273 [OK]
row: 26, col: 7 | got: d424, expected d424 [OK]
row: 26, col: 8 | got: a25f, expected a25f [OK]
row: 26, col: 9 | got: 79cb, expected 79cb [OK]
row: 26, col: 10 | got: adc4, expected adc4 [OK]
row: 26, col: 11 | got: 6874, expected 6874 [OK]
row: 26, col: 12 | got: 8076, expected 8076 [OK]
row: 26, col: 13 | got: be3b, expected be3b [OK]
row: 26, col: 14 | got: d4c2, expected d4c2 [OK]
row: 26, col: 15 | got: ef64, expected ef64 [OK]
row: 26, col: 16 | got: 3329, expected 3329 [OK]
row: 26, col: 17 | got: 6b65, expected 6b65 [OK]
row: 26, col: 18 | got: e87, expected e87 [OK]
row: 26, col: 19 | got: eec3, expected eec3 [OK]
row: 26, col: 20 | got: df7a, expected df7a [OK]
row: 26, col: 21 | got: c9c1, expected c9c1 [OK]
row: 26, col: 22 | got: e8d6, expected e8d6 [OK]
row: 26, col: 23 | got: c0dc, expected c0dc [OK]
row: 26, col: 24 | got: 28ac, expected 28ac [OK]
row: 26, col: 25 | got: aa99, expected aa99 [OK]
row: 26, col: 26 | got: d590, expected d590 [OK]
row: 26, col: 27 | got: d302, expected d302 [OK]
row: 26, col: 28 | got: 59b4, expected 59b4 [OK]
row: 26, col: 29 | got: f723, expected f723 [OK]
row: 26, col: 30 | got: 362a, expected 362a [OK]
row: 26, col: 31 | got: d65e, expected d65e [OK]
row: 27, col: 0 | got: 1844, expected 1844 [OK]
row: 27, col: 1 | got: 610f, expected 610f [OK]
row: 27, col: 2 | got: ab0e, expected ab0e [OK]
row: 27, col: 3 | got: bbc6, expected bbc6 [OK]
row: 27, col: 4 | got: 820d, expected 820d [OK]
row: 27, col: 5 | got: c17a, expected c17a [OK]
row: 27, col: 6 | got: 507a, expected 507a [OK]
row: 27, col: 7 | got: aab8, expected aab8 [OK]
row: 27, col: 8 | got: a39b, expected a39b [OK]
row: 27, col: 9 | got: b396, expected b396 [OK]
row: 27, col: 10 | got: c105, expected c105 [OK]
row: 27, col: 11 | got: 6606, expected 6606 [OK]
row: 27, col: 12 | got: a31, expected a31 [OK]
row: 27, col: 13 | got: 140a, expected 140a [OK]
row: 27, col: 14 | got: a991, expected a991 [OK]
row: 27, col: 15 | got: 7570, expected 7570 [OK]
row: 27, col: 16 | got: 825a, expected 825a [OK]
row: 27, col: 17 | got: 9576, expected 9576 [OK]
row: 27, col: 18 | got: b749, expected b749 [OK]
row: 27, col: 19 | got: 5f80, expected 5f80 [OK]
row: 27, col: 20 | got: 4999, expected 4999 [OK]
row: 27, col: 21 | got: f4f5, expected f4f5 [OK]
row: 27, col: 22 | got: 4721, expected 4721 [OK]
row: 27, col: 23 | got: 40d9, expected 40d9 [OK]
row: 27, col: 24 | got: d7b3, expected d7b3 [OK]
row: 27, col: 25 | got: b1b3, expected b1b3 [OK]
row: 27, col: 26 | got: b038, expected b038 [OK]
row: 27, col: 27 | got: 3c37, expected 3c37 [OK]
row: 27, col: 28 | got: 4495, expected 4495 [OK]
row: 27, col: 29 | got: 4a3f, expected 4a3f [OK]
row: 27, col: 30 | got: 1aa0, expected 1aa0 [OK]
row: 27, col: 31 | got: 103, expected 103 [OK]
row: 28, col: 0 | got: dd8, expected dd8 [OK]
row: 28, col: 1 | got: fa53, expected fa53 [OK]
row: 28, col: 2 | got: 7eb0, expected 7eb0 [OK]
row: 28, col: 3 | got: 3a46, expected 3a46 [OK]
row: 28, col: 4 | got: 8069, expected 8069 [OK]
row: 28, col: 5 | got: ffdc, expected ffdc [OK]
row: 28, col: 6 | got: 3715, expected 3715 [OK]
row: 28, col: 7 | got: ad0, expected ad0 [OK]
row: 28, col: 8 | got: 1e36, expected 1e36 [OK]
row: 28, col: 9 | got: db5d, expected db5d [OK]
row: 28, col: 10 | got: 9bb1, expected 9bb1 [OK]
row: 28, col: 11 | got: 91f2, expected 91f2 [OK]
row: 28, col: 12 | got: a467, expected a467 [OK]
row: 28, col: 13 | got: b17e, expected b17e [OK]
row: 28, col: 14 | got: fb18, expected fb18 [OK]
row: 28, col: 15 | got: 4d90, expected 4d90 [OK]
row: 28, col: 16 | got: 39c5, expected 39c5 [OK]
row: 28, col: 17 | got: 6f87, expected 6f87 [OK]
row: 28, col: 18 | got: a1b6, expected a1b6 [OK]
row: 28, col: 19 | got: 3e17, expected 3e17 [OK]
row: 28, col: 20 | got: 8a59, expected 8a59 [OK]
row: 28, col: 21 | got: 21e2, expected 21e2 [OK]
row: 28, col: 22 | got: e8ce, expected e8ce [OK]
row: 28, col: 23 | got: 70bc, expected 70bc [OK]
row: 28, col: 24 | got: 66d1, expected 66d1 [OK]
row: 28, col: 25 | got: 3f1b, expected 3f1b [OK]
row: 28, col: 26 | got: ea1d, expected ea1d [OK]
row: 28, col: 27 | got: ba8e, expected ba8e [OK]
row: 28, col: 28 | got: b90, expected b90 [OK]
row: 28, col: 29 | got: ca88, expected ca88 [OK]
row: 28, col: 30 | got: aeb8, expected aeb8 [OK]
row: 28, col: 31 | got: 9ea, expected 9ea [OK]
row: 29, col: 0 | got: 535, expected 535 [OK]
row: 29, col: 1 | got: aca2, expected aca2 [OK]
row: 29, col: 2 | got: 1d4a, expected 1d4a [OK]
row: 29, col: 3 | got: 9737, expected 9737 [OK]
row: 29, col: 4 | got: 39d, expected 39d [OK]
row: 29, col: 5 | got: 8552, expected 8552 [OK]
row: 29, col: 6 | got: e18e, expected e18e [OK]
row: 29, col: 7 | got: 7a2, expected 7a2 [OK]
row: 29, col: 8 | got: f67c, expected f67c [OK]
row: 29, col: 9 | got: 35f4, expected 35f4 [OK]
row: 29, col: 10 | got: ae69, expected ae69 [OK]
row: 29, col: 11 | got: 700f, expected 700f [OK]
row: 29, col: 12 | got: 43c8, expected 43c8 [OK]
row: 29, col: 13 | got: 12b0, expected 12b0 [OK]
row: 29, col: 14 | got: 921b, expected 921b [OK]
row: 29, col: 15 | got: e3b5, expected e3b5 [OK]
row: 29, col: 16 | got: a48c, expected a48c [OK]
row: 29, col: 17 | got: ecf4, expected ecf4 [OK]
row: 29, col: 18 | got: d772, expected d772 [OK]
row: 29, col: 19 | got: 17cf, expected 17cf [OK]
row: 29, col: 20 | got: 8752, expected 8752 [OK]
row: 29, col: 21 | got: f6be, expected f6be [OK]
row: 29, col: 22 | got: e624, expected e624 [OK]
row: 29, col: 23 | got: 700f, expected 700f [OK]
row: 29, col: 24 | got: d437, expected d437 [OK]
row: 29, col: 25 | got: 6e3c, expected 6e3c [OK]
row: 29, col: 26 | got: 665f, expected 665f [OK]
row: 29, col: 27 | got: 7f9f, expected 7f9f [OK]
row: 29, col: 28 | got: 95b2, expected 95b2 [OK]
row: 29, col: 29 | got: 4137, expected 4137 [OK]
row: 29, col: 30 | got: 1362, expected 1362 [OK]
row: 29, col: 31 | got: 1865, expected 1865 [OK]
row: 30, col: 0 | got: 1b95, expected 1b95 [OK]
row: 30, col: 1 | got: fa7b, expected fa7b [OK]
row: 30, col: 2 | got: b3ab, expected b3ab [OK]
row: 30, col: 3 | got: d99f, expected d99f [OK]
row: 30, col: 4 | got: 24fe, expected 24fe [OK]
row: 30, col: 5 | got: fb80, expected fb80 [OK]
row: 30, col: 6 | got: e24, expected e24 [OK]
row: 30, col: 7 | got: f49a, expected f49a [OK]
row: 30, col: 8 | got: 905e, expected 905e [OK]
row: 30, col: 9 | got: b4f3, expected b4f3 [OK]
row: 30, col: 10 | got: beeb, expected beeb [OK]
row: 30, col: 11 | got: e4e7, expected e4e7 [OK]
row: 30, col: 12 | got: defc, expected defc [OK]
row: 30, col: 13 | got: 85c6, expected 85c6 [OK]
row: 30, col: 14 | got: c1bd, expected c1bd [OK]
row: 30, col: 15 | got: ed17, expected ed17 [OK]
row: 30, col: 16 | got: 586b, expected 586b [OK]
row: 30, col: 17 | got: 9f8b, expected 9f8b [OK]
row: 30, col: 18 | got: 1a8b, expected 1a8b [OK]
row: 30, col: 19 | got: 9ad5, expected 9ad5 [OK]
row: 30, col: 20 | got: cc81, expected cc81 [OK]
row: 30, col: 21 | got: 9907, expected 9907 [OK]
row: 30, col: 22 | got: be5, expected be5 [OK]
row: 30, col: 23 | got: eeb, expected eeb [OK]
row: 30, col: 24 | got: 5695, expected 5695 [OK]
row: 30, col: 25 | got: e28a, expected e28a [OK]
row: 30, col: 26 | got: e578, expected e578 [OK]
row: 30, col: 27 | got: 246e, expected 246e [OK]
row: 30, col: 28 | got: 14b5, expected 14b5 [OK]
row: 30, col: 29 | got: 78f, expected 78f [OK]
row: 30, col: 30 | got: ec4d, expected ec4d [OK]
row: 30, col: 31 | got: 81b2, expected 81b2 [OK]
row: 31, col: 0 | got: 2e0, expected 2e0 [OK]
row: 31, col: 1 | got: 5b11, expected 5b11 [OK]
row: 31, col: 2 | got: 3174, expected 3174 [OK]
row: 31, col: 3 | got: bed3, expected bed3 [OK]
row: 31, col: 4 | got: b32f, expected b32f [OK]
row: 31, col: 5 | got: 611, expected 611 [OK]
row: 31, col: 6 | got: 6b6b, expected 6b6b [OK]
row: 31, col: 7 | got: 89d7, expected 89d7 [OK]
row: 31, col: 8 | got: b94a, expected b94a [OK]
row: 31, col: 9 | got: 564, expected 564 [OK]
row: 31, col: 10 | got: 500d, expected 500d [OK]
row: 31, col: 11 | got: 18de, expected 18de [OK]
row: 31, col: 12 | got: 1363, expected 1363 [OK]
row: 31, col: 13 | got: bc9, expected bc9 [OK]
row: 31, col: 14 | got: e077, expected e077 [OK]
row: 31, col: 15 | got: 903c, expected 903c [OK]
row: 31, col: 16 | got: 36fc, expected 36fc [OK]
row: 31, col: 17 | got: 8659, expected 8659 [OK]
row: 31, col: 18 | got: c9c6, expected c9c6 [OK]
row: 31, col: 19 | got: 4256, expected 4256 [OK]
row: 31, col: 20 | got: 4f31, expected 4f31 [OK]
row: 31, col: 21 | got: b5ce, expected b5ce [OK]
row: 31, col: 22 | got: 5298, expected 5298 [OK]
row: 31, col: 23 | got: 2d6f, expected 2d6f [OK]
row: 31, col: 24 | got: 2354, expected 2354 [OK]
row: 31, col: 25 | got: b9f8, expected b9f8 [OK]
row: 31, col: 26 | got: fce7, expected fce7 [OK]
row: 31, col: 27 | got: aad5, expected aad5 [OK]
row: 31, col: 28 | got: 37f3, expected 37f3 [OK]
row: 31, col: 29 | got: d3eb, expected d3eb [OK]
row: 31, col: 30 | got: 1152, expected 1152 [OK]
row: 31, col: 31 | got: 8ab2, expected 8ab2 [OK]
All tests passed. No errors detected.
