FULL SYSTEM TEST
---------------
Populating A and B...
Calculating reference values of C...
Loading A into AFU...
Loading B into AFU...
Performing Calculation...
Reading Output from C...
Calculation finished. Testing values...
row: 0, col: 0 | got: 1c16, expected 1c16 [OK]
row: 0, col: 1 | got: 89d, expected 89d [OK]
row: 0, col: 2 | got: d4a3, expected d4a3 [OK]
row: 0, col: 3 | got: f0a3, expected f0a3 [OK]
row: 0, col: 4 | got: 77f9, expected 77f9 [OK]
row: 0, col: 5 | got: 7ddc, expected 7ddc [OK]
row: 0, col: 6 | got: d7d5, expected d7d5 [OK]
row: 0, col: 7 | got: a787, expected a787 [OK]
row: 1, col: 0 | got: cf7e, expected cf7e [OK]
row: 1, col: 1 | got: 2ef3, expected 2ef3 [OK]
row: 1, col: 2 | got: 2c8c, expected 2c8c [OK]
row: 1, col: 3 | got: daac, expected daac [OK]
row: 1, col: 4 | got: a78e, expected a78e [OK]
row: 1, col: 5 | got: a57, expected a57 [OK]
row: 1, col: 6 | got: e390, expected e390 [OK]
row: 1, col: 7 | got: fa68, expected fa68 [OK]
row: 2, col: 0 | got: 3b3d, expected 3b3d [OK]
row: 2, col: 1 | got: 3745, expected 3745 [OK]
row: 2, col: 2 | got: 1b26, expected 1b26 [OK]
row: 2, col: 3 | got: f185, expected f185 [OK]
row: 2, col: 4 | got: 3128, expected 3128 [OK]
row: 2, col: 5 | got: 1b29, expected 1b29 [OK]
row: 2, col: 6 | got: cf1d, expected cf1d [OK]
row: 2, col: 7 | got: 8c1f, expected 8c1f [OK]
row: 3, col: 0 | got: 21b8, expected 21b8 [OK]
row: 3, col: 1 | got: 2b3e, expected 2b3e [OK]
row: 3, col: 2 | got: d57a, expected d57a [OK]
row: 3, col: 3 | got: 1ed3, expected 1ed3 [OK]
row: 3, col: 4 | got: 172d, expected 172d [OK]
row: 3, col: 5 | got: b7f2, expected b7f2 [OK]
row: 3, col: 6 | got: 3676, expected 3676 [OK]
row: 3, col: 7 | got: 943a, expected 943a [OK]
row: 4, col: 0 | got: 1876, expected 1876 [OK]
row: 4, col: 1 | got: fa75, expected fa75 [OK]
row: 4, col: 2 | got: 2742, expected 2742 [OK]
row: 4, col: 3 | got: c29, expected c29 [OK]
row: 4, col: 4 | got: dd12, expected dd12 [OK]
row: 4, col: 5 | got: b74d, expected b74d [OK]
row: 4, col: 6 | got: b85b, expected b85b [OK]
row: 4, col: 7 | got: c5a, expected c5a [OK]
row: 5, col: 0 | got: e1e6, expected e1e6 [OK]
row: 5, col: 1 | got: e168, expected e168 [OK]
row: 5, col: 2 | got: f531, expected f531 [OK]
row: 5, col: 3 | got: 4e7d, expected 4e7d [OK]
row: 5, col: 4 | got: 3ef2, expected 3ef2 [OK]
row: 5, col: 5 | got: c061, expected c061 [OK]
row: 5, col: 6 | got: 653e, expected 653e [OK]
row: 5, col: 7 | got: 1f37, expected 1f37 [OK]
row: 6, col: 0 | got: 393, expected 393 [OK]
row: 6, col: 1 | got: f34e, expected f34e [OK]
row: 6, col: 2 | got: bc79, expected bc79 [OK]
row: 6, col: 3 | got: 8b62, expected 8b62 [OK]
row: 6, col: 4 | got: e5ea, expected e5ea [OK]
row: 6, col: 5 | got: a173, expected a173 [OK]
row: 6, col: 6 | got: c86a, expected c86a [OK]
row: 6, col: 7 | got: 3042, expected 3042 [OK]
row: 7, col: 0 | got: 3a7d, expected 3a7d [OK]
row: 7, col: 1 | got: e57a, expected e57a [OK]
row: 7, col: 2 | got: e3da, expected e3da [OK]
row: 7, col: 3 | got: b4e2, expected b4e2 [OK]
row: 7, col: 4 | got: d0c0, expected d0c0 [OK]
row: 7, col: 5 | got: 1034, expected 1034 [OK]
row: 7, col: 6 | got: c7e2, expected c7e2 [OK]
row: 7, col: 7 | got: 769, expected 769 [OK]
All tests passed. No errors detected.
