commit 52cc841d7e5eca4ed26c2531ea88654fc68be0ca
Author: cdupont2 <61169398+cdupont2@users.noreply.github.com>
Date:   Tue Sep 28 15:37:22 2021 -0500

    Add files via upload
    
    Working version of everything

commit f91f2105a186ad2b107f00c6fc24c93209222c38
Author: Colton Raymond <55898834+craymond3@users.noreply.github.com>
Date:   Tue Sep 28 15:34:38 2021 -0500

    Delete ab_mem_tb.sv

commit 50903f8d82406b6802336e5c13e4a9b3b5124a07
Author: Colton Raymond <55898834+craymond3@users.noreply.github.com>
Date:   Mon Sep 27 17:15:33 2021 -0500

    As of end of last Thursday lab

commit 1965d3ac2cc96e67f20701259d00af75a2197b57
Author: Colton Raymond <55898834+craymond3@users.noreply.github.com>
Date:   Thu Sep 23 16:20:00 2021 -0500

    Files created/uploaded

commit 48016aea056d81f8ad0660eca3f9135c64e90409
Author: Colton Raymond <55898834+craymond3@users.noreply.github.com>
Date:   Thu Sep 23 16:12:48 2021 -0500

    Initial commit
