run -all
# No errors, testcase passed
# 
# No errors, testcase passed
# 
# No errors, testcase passed
# 
# No errors, testcase passed
# 
# No errors, testcase passed
# 
# No errors, testcase passed
# 
# No errors, testcase passed
# 
# No errors, testcase passed
# 
# No errors, testcase passed
# 
# No errors, testcase passed
# 
# YAHOO!!! All tests passed.
# ** Note: $stop    : C:/Users/Owner/Documents/GitHub/554minilabs4-6/tpuv1_integration_tb.sv(230)
#    Time: 10305 ps  Iteration: 1  Instance: /tpuv1_integration_tb
# Break in Module tpuv1_integration_tb at C:/Users/Owner/Documents/GitHub/554minilabs4-6/tpuv1_integration_tb.sv line 230

